<?xml version="1.0" encoding="UTF-8"?>
<!-- Generated by org.testng.reporters.JUnitReportReporter -->
<testsuite skipped="0" hostname="DESKTOP-LDS4O3B" name="package1.Simple" tests="1" failures="0" timestamp="17 Jul 2019 07:34:48 GMT" time="40.343" errors="0">
  <testcase name="run" time="40.343" classname="package1.Simple"/>
</testsuite> <!-- package1.Simple -->
